IQ-TREE multicore version 1.6.12 for Linux 64-bit built Aug 15 2019
Developed by Bui Quang Minh, Nguyen Lam Tung, Olga Chernomor,
Heiko Schmidt, Dominik Schrempf, Michael Woodhams.

Host:    cox (AVX, FMA3, 997 GB RAM)
Command: ../../iqtree -s RNA2_nucleotide_alignment.fasta -st DNA -m TEST -bb 1000 -alrt 1000
Seed:    388538 (Using SPRNG - Scalable Parallel Random Number Generator)
Time:    Fri Jan  3 00:15:37 2025
Kernel:  AVX+FMA - 1 threads (48 CPU cores detected)

HINT: Use -nt option to specify number of threads because your CPU has 48 cores!
HINT: -nt AUTO will automatically determine the best number of threads to use.

Reading alignment file RNA2_nucleotide_alignment.fasta ... Fasta format detected
Alignment most likely contains DNA/RNA sequences
Alignment has 160 sequences with 1579 columns, 324 distinct patterns
268 parsimony-informative, 45 singleton sites, 1266 constant sites
                  Gap/Ambiguity  Composition  p-value
   1  MH384336            0.44%    passed     98.88%
   2  PQ624975            0.44%    passed     94.90%
   3  PQ624958            0.89%    passed     92.64%
   4  PQ625001            0.38%    passed     97.02%
   5  PQ625002            0.38%    passed     95.76%
   6  PQ625004            0.38%    passed     95.76%
   7  OR820587            1.96%    passed     99.37%
   8  PQ624957            0.38%    passed     97.25%
   9  PQ624974            1.01%    passed     98.31%
  10  PQ624981            1.20%    passed     96.79%
  11  PQ624984            0.95%    passed     97.00%
  12  PQ624986            0.76%    passed     95.96%
  13  PQ624989            0.63%    passed     96.54%
  14  PQ624990            0.51%    passed     96.98%
  15  PQ624994            0.57%    passed     96.70%
  16  PQ625034            0.25%    passed     97.17%
  17  PQ625044            0.76%    passed     95.11%
  18  PQ625047            0.76%    passed     95.11%
  19  PQ624979            0.95%    passed     97.90%
  20  PQ624988            0.57%    passed     97.30%
  21  PQ625013            0.25%    passed     97.86%
  22  PQ625030            0.25%    passed     96.53%
  23  PQ625031            0.25%    passed     96.53%
  24  PQ625018            0.51%    passed     95.78%
  25  PQ625032            0.32%    passed     95.87%
  26  PQ624997            0.32%    passed     98.44%
  27  PQ625029            0.32%    passed     99.18%
  28  PQ625022            0.25%    passed     99.24%
  29  PQ625006            0.82%    passed     97.23%
  30  PQ625015            0.25%    passed     97.82%
  31  PQ625021            0.13%    passed     99.32%
  32  PQ625023            0.25%    passed     99.35%
  33  PQ625026            2.85%    passed     99.71%
  34  PQ625028            0.19%    passed     95.67%
  35  PQ624978            0.89%    passed     99.51%
  36  PQ624996            0.57%    passed     96.60%
  37  PQ625033            1.14%    passed     94.95%
  38  PQ624953            0.38%    passed     97.75%
  39  PQ624954            0.82%    passed     97.47%
  40  PQ624961            1.52%    passed     84.68%
  41  PQ624965            0.76%    passed     97.83%
  42  OR820595            0.82%    passed     94.49%
  43  OR820599            0.63%    passed     92.46%
  44  SRX10234790_RNA2    0.63%    passed     97.17%
  45  SRX10234776_RNA2    0.63%    passed     95.82%
  46  SRX10234786_RNA2    0.63%    passed     95.43%
  47  SRX10234782_RNA2    0.63%    passed     97.03%
  48  SRX10234787_RNA2    0.63%    passed     97.99%
  49  SRX10234784_RNA2    0.63%    passed     97.87%
  50  SRX10234779_RNA2    0.63%    passed     96.49%
  51  SRX10234777_RNA2    0.63%    passed     97.46%
  52  SRX10234781_RNA2    0.63%    passed     96.40%
  53  SRX10234788_RNA2    0.63%    passed     95.94%
  54  SRX10234789_RNA2    0.63%    passed     95.94%
  55  SRX10234778_RNA2    0.63%    passed     96.43%
  56  SRX10234785_RNA2    0.63%    passed     92.99%
  57  SRX10234780_RNA2    0.63%    passed     93.78%
  58  MH384354            0.63%    passed     99.52%
  59  MH384365            0.63%    passed     99.91%
  60  MH384373            0.82%    passed     99.89%
  61  MH384379            0.82%    passed     99.73%
  62  OR729043            2.15%    passed     98.60%
  63  PQ624982            0.63%    passed     99.52%
  64  PQ624992            0.63%    passed     99.52%
  65  PQ624977            0.44%    passed     99.56%
  66  PQ624991            0.51%    passed     99.65%
  67  PQ625011            0.51%    passed     99.65%
  68  PQ625014            0.63%    passed     99.49%
  69  PQ625017            0.63%    passed     99.83%
  70  PQ625020            0.44%    passed     99.70%
  71  PQ624962            0.38%    passed     99.57%
  72  PQ624972            0.51%    passed     99.77%
  73  PQ625012            0.51%    passed     99.77%
  74  PQ625008            0.51%    passed     99.89%
  75  PQ624959            0.57%    passed     99.64%
  76  PQ624960            0.57%    passed     99.54%
  77  PQ625000            0.51%    passed     99.63%
  78  OR729037            0.63%    passed     97.83%
  79  PQ624971            0.38%    passed     98.49%
  80  PQ624999            0.38%    passed     99.12%
  81  PQ625019            0.38%    passed     99.06%
  82  PQ625056            0.51%    passed     99.07%
  83  OR820568            0.57%    passed     99.90%
  84  OR820574            0.82%    passed     99.90%
  85  PQ624976            0.51%    passed     99.62%
  86  PQ625010            0.51%    passed     99.62%
  87  PQ624985            0.76%    passed     99.65%
  88  PQ624987            0.95%    passed     99.70%
  89  PQ624993            1.27%    passed     99.74%
  90  PQ625040            1.20%    passed     99.79%
  91  PQ624980            1.46%    passed     99.74%
  92  OR820561            3.10%    passed     97.77%
  93  MT742161            0.70%    passed     99.87%
  94  MT742165            0.76%    passed     99.78%
  95  OR729041            1.65%    passed     99.79%
  96  OR729040            0.95%    passed     99.99%
  97  OR729038            0.89%    passed     99.78%
  98  OR729044            0.95%    passed     99.92%
  99  OR729039            1.52%    passed     99.68%
 100  OR729052            1.52%    passed     99.86%
 101  OR729055            1.52%    passed     99.86%
 102  OR729042            0.70%    passed     99.83%
 103  PQ624970            0.70%    passed     99.83%
 104  PQ624983            0.70%    passed     99.83%
 105  OR729045            0.76%    passed     99.85%
 106  PQ625003            0.76%    passed     99.85%
 107  OR729046            0.95%    passed     99.92%
 108  OR729047            1.27%    passed     99.84%
 109  OR729063            1.27%    passed     99.84%
 110  OR729048            1.33%    passed     99.79%
 111  OR729050            1.46%    passed     99.92%
 112  OR729051            1.58%    passed     99.80%
 113  OR729053            2.09%    passed     98.98%
 114  OR729056            1.71%    passed     99.59%
 115  OR729057            2.22%    passed     99.17%
 116  OR729060            3.80%    passed     98.33%
 117  OR729061            3.74%    passed     98.73%
 118  OR729064            1.96%    passed     99.10%
 119  OR729049            0.82%    passed     99.97%
 120  OR729059            0.82%    passed     99.90%
 121  OR729058            1.65%    passed     99.41%
 122  OR729054            2.15%    passed     99.13%
 123  OR729062            2.60%    passed     99.25%
 124  PQ625007            0.95%    passed     99.94%
 125  PQ625025            1.27%    passed     99.80%
 126  PQ624955            0.57%    passed     99.87%
 127  PQ624967            0.57%    passed     99.94%
 128  PQ624956            0.70%    passed     99.94%
 129  PQ624964            0.70%    passed     99.94%
 130  PQ624968            0.44%    passed     99.49%
 131  PQ624973            0.44%    passed     99.49%
 132  PQ624969            0.57%    passed     99.62%
 133  PQ625027            0.44%    passed     98.66%
 134  PQ625042            0.44%    passed     99.05%
 135  PQ625043            0.44%    passed     99.05%
 136  PQ625048            0.44%    passed     99.05%
 137  PQ625049            0.44%    passed     99.05%
 138  PQ625050            0.44%    passed     99.05%
 139  PQ625045            0.57%    passed     99.15%
 140  PQ625055            0.70%    passed     98.81%
 141  PQ624963            0.57%    passed     99.80%
 142  PQ625005            0.51%    passed     99.67%
 143  PQ625035            0.51%    passed     99.67%
 144  PQ625038            0.63%    passed     99.82%
 145  PQ625039            0.51%    passed     99.67%
 146  PQ625051            4.37%    passed     96.75%
 147  PQ625052            1.33%    passed     99.56%
 148  PQ625053            1.08%    passed     99.91%
 149  PQ625054            0.89%    passed     99.80%
 150  PQ624995            1.08%    passed     99.69%
 151  PQ625009            1.52%    passed     99.88%
 152  PQ624998            0.95%    passed     99.89%
 153  PQ625037            0.76%    passed     99.83%
 154  PQ625024            1.08%    passed     99.71%
 155  PQ625036            1.20%    passed     99.10%
 156  PQ625046            2.15%    passed     97.86%
 157  PQ625016            0.95%    passed     99.81%
 158  MH384361            1.08%    passed     99.96%
 159  PQ625041            1.65%    passed     97.36%
 160  PQ624966            0.63%    passed     98.20%
****  TOTAL               0.89%  0 sequences failed composition chi2 test (p-value<5%; df=3)
NOTE: PQ625004 is identical to PQ625002 but kept for subsequent analysis
NOTE: PQ625047 is identical to PQ625044 but kept for subsequent analysis
NOTE: PQ625031 is identical to PQ625030 but kept for subsequent analysis
NOTE: SRX10234789_RNA2 is identical to SRX10234788_RNA2 but kept for subsequent analysis
NOTE: PQ624992 is identical to PQ624982 but kept for subsequent analysis
NOTE: PQ625011 is identical to PQ624991 but kept for subsequent analysis
NOTE: PQ625012 is identical to PQ624972 but kept for subsequent analysis
NOTE: PQ625010 is identical to PQ624976 but kept for subsequent analysis
NOTE: OR729055 is identical to OR729052 but kept for subsequent analysis
NOTE: PQ624970 is identical to OR729042 but kept for subsequent analysis
NOTE: PQ625003 is identical to OR729045 but kept for subsequent analysis
NOTE: OR729063 is identical to OR729047 but kept for subsequent analysis
NOTE: PQ624964 is identical to PQ624956 but kept for subsequent analysis
NOTE: PQ624973 is identical to PQ624968 but kept for subsequent analysis
NOTE: PQ625043 is identical to PQ625042 but kept for subsequent analysis
NOTE: PQ625035 is identical to PQ625005 but kept for subsequent analysis
NOTE: 4 identical sequences (see below) will be ignored for subsequent analysis
NOTE: PQ624983 (identical to OR729042) is ignored but added at the end
NOTE: PQ625048 (identical to PQ625042) is ignored but added at the end
NOTE: PQ625049 (identical to PQ625042) is ignored but added at the end
NOTE: PQ625050 (identical to PQ625042) is ignored but added at the end

For your convenience alignment with unique sequences printed to RNA2_nucleotide_alignment.fasta.uniqueseq.phy


Create initial parsimony tree by phylogenetic likelihood library (PLL)... 0.019 seconds
NOTE: ModelFinder requires 7 MB RAM!
ModelFinder will test 88 DNA models (sample size: 1579) ...
 No. Model         -LnL         df  AIC          AICc         BIC
  1  JC            6717.586     309 14053.172    14204.141    15710.817
  2  JC+I          6376.026     310 13372.051    13524.118    15035.061
  3  JC+G4         6374.473     310 13368.947    13521.013    15031.956
  4  JC+I+G4       6353.438     311 13328.877    13482.045    14997.251
  5  F81+F         6705.485     312 14034.970    14189.245    15708.709
  6  F81+F+I       6360.789     313 13347.578    13502.964    15026.681
  7  F81+F+G4      6359.464     313 13344.928    13500.314    15024.031
  8  F81+F+I+G4    6338.275     314 13304.551    13461.054    14989.018
  9  K2P           6468.833     310 13557.665    13709.731    15220.675
 10  K2P+I         6110.884     311 12843.769    12996.937    14512.143
 11  K2P+G4        6109.761     311 12841.522    12994.690    14509.896
 12  K2P+I+G4      6081.841     312 12787.681    12941.956    14461.420
 13  HKY+F         6454.086     313 13534.172    13689.558    15213.275
 14  HKY+F+I       6087.223     314 12802.445    12958.949    14486.913
 15  HKY+F+G4      6086.494     314 12800.988    12957.492    14485.456
 16  HKY+F+I+G4    6057.830     315 12745.659    12903.284    14435.492
 17  TNe           6466.264     311 13554.528    13707.696    15222.902
 18  TNe+I         6107.638     312 12839.276    12993.551    14513.015
 19  TNe+G4        6106.042     312 12836.085    12990.360    14509.823
 20  TNe+I+G4      6077.640     313 12781.280    12936.666    14460.383
 21  TN+F          6449.899     314 13527.799    13684.302    15212.266
 22  TN+F+I        6083.954     315 12797.907    12955.532    14487.739
 23  TN+F+G4       6082.568     315 12795.137    12952.761    14484.969
 24  TN+F+I+G4     6053.171     316 12738.342    12897.094    14433.539
 25  K3P           6466.802     311 13555.603    13708.771    15223.977
 26  K3P+I         6108.510     312 12841.019    12995.294    14514.758
 27  K3P+G4        6107.403     312 12838.807    12993.081    14512.545
 28  K3P+I+G4      6078.898     313 12783.796    12939.182    14462.899
 29  K3Pu+F        6452.300     314 13532.600    13689.104    15217.068
 30  K3Pu+F+I      6085.000     315 12800.001    12957.625    14489.833
 31  K3Pu+F+G4     6084.317     315 12798.634    12956.259    14488.466
 32  K3Pu+F+I+G4   6055.181     316 12742.362    12901.113    14437.559
 33  TPM2+F        6438.975     314 13505.951    13662.454    15190.419
 34  TPM2+F+I      6077.695     315 12785.390    12943.014    14475.222
 35  TPM2+F+G4     6076.695     315 12783.390    12941.015    14473.222
 36  TPM2+F+I+G4   6046.575     316 12725.150    12883.901    14420.347
 37  TPM2u+F       6438.970     314 13505.940    13662.443    15190.407
 38  TPM2u+F+I     6077.699     315 12785.398    12943.023    14475.230
 39  TPM2u+F+G4    6076.695     315 12783.390    12941.015    14473.222
 40  TPM2u+F+I+G4  6046.477     316 12724.954    12883.705    14420.151
 41  TPM3+F        6453.358     314 13534.716    13691.219    15219.183
 42  TPM3+F+I      6087.115     315 12804.229    12961.854    14494.062
 43  TPM3+F+G4     6086.336     315 12802.671    12960.296    14492.504
 44  TPM3+F+I+G4   6056.801     316 12745.603    12904.354    14440.799
 45  TPM3u+F       6453.352     314 13534.704    13691.207    15219.172
 46  TPM3u+F+I     6087.110     315 12804.219    12961.844    14494.052
 47  TPM3u+F+G4    6086.331     315 12802.662    12960.287    14492.495
 48  TPM3u+F+I+G4  6056.727     316 12745.454    12904.205    14440.651
 49  TIMe          6464.275     312 13552.550    13706.825    15226.289
 50  TIMe+I        6105.325     313 12836.650    12992.036    14515.753
 51  TIMe+G4       6103.732     313 12833.465    12988.851    14512.568
 52  TIMe+I+G4     6074.629     314 12777.259    12933.762    14461.727
 53  TIM+F         6448.104     315 13526.209    13683.833    15216.041
 54  TIM+F+I       6081.728     316 12795.456    12954.208    14490.653
 55  TIM+F+G4      6080.389     316 12792.778    12951.529    14487.975
 56  TIM+F+I+G4    6050.403     317 12734.805    12894.688    14435.367
 57  TIM2e         6445.945     312 13515.890    13670.165    15189.629
 58  TIM2e+I       6093.082     313 12812.163    12967.550    14491.266
 59  TIM2e+G4      6090.726     313 12807.452    12962.839    14486.555
 60  TIM2e+I+G4    6060.546     314 12749.092    12905.595    14433.559
 61  TIM2+F        6434.824     315 13499.648    13657.273    15189.480
 62  TIM2+F+I      6074.308     316 12780.616    12939.368    14475.813
 63  TIM2+F+G4     6072.670     316 12777.339    12936.090    14472.536
 64  TIM2+F+I+G4   6041.896     317 12717.791    12877.674    14418.353
 65  TIM3e         6465.854     312 13555.708    13709.983    15229.447
 66  TIM3e+I       6107.579     313 12841.158    12996.544    14520.261
 67  TIM3e+G4      6105.985     313 12837.970    12993.357    14517.073
 68  TIM3e+I+G4    6076.738     314 12781.475    12937.978    14465.943
 69  TIM3+F        6449.160     315 13528.320    13685.945    15218.152
 70  TIM3+F+I      6083.847     316 12799.694    12958.446    14494.891
 71  TIM3+F+G4     6082.401     316 12796.802    12955.553    14491.999
 72  TIM3+F+I+G4   6052.172     317 12738.344    12898.226    14438.905
 73  TVMe          6444.061     313 13514.121    13669.508    15193.224
 74  TVMe+I        6091.459     314 12810.919    12967.422    14495.387
 75  TVMe+G4       6089.339     314 12806.678    12963.181    14491.145
 76  TVMe+I+G4     6058.644     315 12747.288    12904.913    14437.120
 77  TVM+F         6434.300     316 13500.601    13659.352    15195.798
 78  TVM+F+I       6072.661     317 12779.322    12939.205    14479.884
 79  TVM+F+G4      6071.602     317 12777.204    12937.087    14477.766
 80  TVM+F+I+G4    6040.780     318 12717.561    12878.580    14423.487
 81  SYM           6441.612     314 13511.224    13667.728    15195.692
 82  SYM+I         6088.264     315 12806.528    12964.153    14496.361
 83  SYM+G4        6085.885     315 12801.771    12959.395    14491.603
 84  SYM+I+G4      6055.438     316 12742.876    12901.627    14438.073
 85  GTR+F         6430.191     317 13494.381    13654.264    15194.943
 86  GTR+F+I       6069.387     318 12774.774    12935.793    14480.700
 87  GTR+F+G4      6067.664     318 12771.329    12932.348    14477.255
 88  GTR+F+I+G4    6036.587     319 12711.175    12873.335    14422.465
Akaike Information Criterion:           GTR+F+I+G4
Corrected Akaike Information Criterion: GTR+F+I+G4
Bayesian Information Criterion:         TIM2+F+I+G4
Best-fit model: TIM2+F+I+G4 chosen according to BIC

All model information printed to RNA2_nucleotide_alignment.fasta.model.gz
CPU time for ModelFinder: 19.368 seconds (0h:0m:19s)
Wall-clock time for ModelFinder: 19.668 seconds (0h:0m:19s)
Generating 1000 samples for ultrafast bootstrap (seed: 388538)...

NOTE: 7 MB RAM (0 GB) is required!
Estimate model parameters (epsilon = 0.100)
Thoroughly optimizing +I+G parameters from 10 start values...
Init pinv, alpha: 0.000, 1.000 / Estimate: 0.000, 0.110 / LogL: -6072.673
Init pinv, alpha: 0.089, 1.000 / Estimate: 0.536, 0.412 / LogL: -6042.982
Init pinv, alpha: 0.178, 1.000 / Estimate: 0.533, 0.407 / LogL: -6043.071
Init pinv, alpha: 0.267, 1.000 / Estimate: 0.537, 0.413 / LogL: -6043.001
Init pinv, alpha: 0.356, 1.000 / Estimate: 0.537, 0.415 / LogL: -6043.015
Init pinv, alpha: 0.445, 1.000 / Estimate: 0.537, 0.413 / LogL: -6043.079
Init pinv, alpha: 0.535, 1.000 / Estimate: 0.550, 0.436 / LogL: -6042.807
Init pinv, alpha: 0.624, 1.000 / Estimate: 0.629, 0.640 / LogL: -6041.742
Init pinv, alpha: 0.713, 1.000 / Estimate: 0.680, 0.907 / LogL: -6042.320
Init pinv, alpha: 0.802, 1.000 / Estimate: 0.680, 0.910 / LogL: -6042.533
Optimal pinv,alpha: 0.629, 0.640 / LogL: -6041.742

Parameters optimization took 31.578 sec
Computing ML distances based on estimated model parameters... 0.272 sec
Computing BIONJ tree...
0.061 seconds
Log-likelihood of BIONJ tree: -6063.769
--------------------------------------------------------------------
|             INITIALIZING CANDIDATE TREE SET                      |
--------------------------------------------------------------------
Generating 98 parsimony trees... 1.669 second
Computing log-likelihood of 98 initial trees ... 5.425 seconds
Current best score: -6009.535

Do NNI search on 20 best initial trees
Estimate model parameters (epsilon = 0.100)
BETTER TREE FOUND at iteration 1: -6005.970
Estimate model parameters (epsilon = 0.100)
BETTER TREE FOUND at iteration 5: -6005.915
Iteration 10 / LogL: -6015.243 / Time: 0h:0m:50s
Estimate model parameters (epsilon = 0.100)
BETTER TREE FOUND at iteration 13: -6004.366
Iteration 20 / LogL: -6007.342 / Time: 0h:1m:2s
Finish initializing candidate tree set (20)
Current best tree score: -6004.366 / CPU time: 30.184
Number of iterations: 20
--------------------------------------------------------------------
|               OPTIMIZING CANDIDATE TREE SET                      |
--------------------------------------------------------------------
Estimate model parameters (epsilon = 0.100)
BETTER TREE FOUND at iteration 27: -6003.324
Estimate model parameters (epsilon = 0.100)
BETTER TREE FOUND at iteration 28: -6002.915
Iteration 30 / LogL: -6025.202 / Time: 0h:1m:15s (0h:4m:14s left)
Iteration 40 / LogL: -6003.441 / Time: 0h:1m:26s (0h:3m:15s left)
Estimate model parameters (epsilon = 0.100)
BETTER TREE FOUND at iteration 46: -6002.900
Iteration 50 / LogL: -6011.950 / Time: 0h:1m:38s (0h:3m:12s left)
Log-likelihood cutoff on original alignment: -6031.720
Iteration 60 / LogL: -6009.349 / Time: 0h:1m:50s (0h:2m:41s left)
Iteration 70 / LogL: -6002.905 / Time: 0h:2m:2s (0h:2m:14s left)
Estimate model parameters (epsilon = 0.100)
BETTER TREE FOUND at iteration 72: -6002.788
Estimate model parameters (epsilon = 0.100)
BETTER TREE FOUND at iteration 79: -6002.770
Iteration 80 / LogL: -6003.181 / Time: 0h:2m:13s (0h:2m:47s left)
Iteration 90 / LogL: -6003.198 / Time: 0h:2m:25s (0h:2m:25s left)
Iteration 100 / LogL: -6003.061 / Time: 0h:2m:39s (0h:2m:7s left)
Log-likelihood cutoff on original alignment: -6032.236
NOTE: Bootstrap correlation coefficient of split occurrence frequencies: 0.979
NOTE: UFBoot does not converge, continue at least 100 more iterations
Estimate model parameters (epsilon = 0.100)
BETTER TREE FOUND at iteration 103: -6000.453
Iteration 110 / LogL: -6041.545 / Time: 0h:2m:51s (0h:2m:26s left)
Iteration 120 / LogL: -6007.854 / Time: 0h:3m:5s (0h:2m:9s left)
Iteration 130 / LogL: -6014.572 / Time: 0h:3m:16s (0h:1m:51s left)
Iteration 140 / LogL: -6016.255 / Time: 0h:3m:26s (0h:1m:33s left)
Iteration 150 / LogL: -6003.588 / Time: 0h:3m:38s (0h:1m:17s left)
Log-likelihood cutoff on original alignment: -6033.154
Iteration 160 / LogL: -6000.459 / Time: 0h:3m:51s (0h:1m:2s left)
Iteration 170 / LogL: -6004.597 / Time: 0h:4m:3s (0h:0m:47s left)
Iteration 180 / LogL: -6000.730 / Time: 0h:4m:16s (0h:0m:32s left)
Iteration 190 / LogL: -6011.972 / Time: 0h:4m:28s (0h:0m:18s left)
BETTER TREE FOUND at iteration 191: -6000.453
Iteration 200 / LogL: -6000.458 / Time: 0h:4m:40s (0h:2m:8s left)
Log-likelihood cutoff on original alignment: -6032.236
NOTE: Bootstrap correlation coefficient of split occurrence frequencies: 0.987
NOTE: UFBoot does not converge, continue at least 100 more iterations
Iteration 210 / LogL: -6004.738 / Time: 0h:4m:53s (0h:2m:6s left)
BETTER TREE FOUND at iteration 218: -6000.453
Iteration 220 / LogL: -6006.593 / Time: 0h:5m:5s (0h:2m:16s left)
Iteration 230 / LogL: -6003.592 / Time: 0h:5m:18s (0h:2m:2s left)
BETTER TREE FOUND at iteration 240: -6000.453
Iteration 240 / LogL: -6000.453 / Time: 0h:5m:31s (0h:2m:18s left)
Iteration 250 / LogL: -6000.731 / Time: 0h:5m:44s (0h:2m:4s left)
Log-likelihood cutoff on original alignment: -6033.127
Iteration 260 / LogL: -6005.736 / Time: 0h:5m:57s (0h:1m:50s left)
Iteration 270 / LogL: -6000.453 / Time: 0h:6m:9s (0h:1m:36s left)
Iteration 280 / LogL: -6000.735 / Time: 0h:6m:21s (0h:1m:22s left)
Iteration 290 / LogL: -6026.717 / Time: 0h:6m:32s (0h:1m:7s left)
Iteration 300 / LogL: -6010.023 / Time: 0h:6m:44s (0h:0m:54s left)
Log-likelihood cutoff on original alignment: -6033.127
NOTE: Bootstrap correlation coefficient of split occurrence frequencies: 0.991
Iteration 310 / LogL: -6000.455 / Time: 0h:6m:56s (0h:2m:1s left)
BETTER TREE FOUND at iteration 311: -6000.450
Iteration 320 / LogL: -6023.672 / Time: 0h:7m:9s (0h:2m:2s left)
Iteration 330 / LogL: -6010.740 / Time: 0h:7m:22s (0h:1m:48s left)
Iteration 340 / LogL: -6000.733 / Time: 0h:7m:34s (0h:1m:35s left)
Iteration 350 / LogL: -6003.863 / Time: 0h:7m:45s (0h:1m:21s left)
Log-likelihood cutoff on original alignment: -6033.127
Iteration 360 / LogL: -6023.725 / Time: 0h:7m:58s (0h:1m:7s left)
Iteration 370 / LogL: -6014.815 / Time: 0h:8m:9s (0h:0m:54s left)
Iteration 380 / LogL: -6000.451 / Time: 0h:8m:21s (0h:0m:41s left)
Iteration 390 / LogL: -6084.218 / Time: 0h:8m:34s (0h:0m:27s left)
Iteration 400 / LogL: -6009.812 / Time: 0h:8m:46s (0h:0m:14s left)
Log-likelihood cutoff on original alignment: -6033.636
NOTE: Bootstrap correlation coefficient of split occurrence frequencies: 0.992
Iteration 410 / LogL: -6000.863 / Time: 0h:8m:57s (0h:1m:58s left)
TREE SEARCH COMPLETED AFTER 412 ITERATIONS / Time: 0h:9m:0s

--------------------------------------------------------------------
|                    FINALIZING TREE SEARCH                        |
--------------------------------------------------------------------
Performs final model parameters optimization
Estimate model parameters (epsilon = 0.010)
1. Initial log-likelihood: -6000.450
Optimal log-likelihood: -6000.449
Rate parameters:  A-C: 2.74816  A-G: 13.34372  A-T: 2.74816  C-G: 1.00000  C-T: 19.60397  G-T: 1.00000
Base frequencies:  A: 0.299  C: 0.251  G: 0.221  T: 0.228
Proportion of invariable sites: 0.628
Gamma shape alpha: 0.646
Parameters optimization took 1 rounds (0.105 sec)
BEST SCORE FOUND : -6000.449

Testing tree branches by SH-like aLRT with 1000 replicates...
6.284 sec.
Creating bootstrap support values...
Split supports printed to NEXUS file RNA2_nucleotide_alignment.fasta.splits.nex
Total tree length: 0.529

Total number of iterations: 412
CPU time used for tree search: 506.096 sec (0h:8m:26s)
Wall-clock time used for tree search: 508.324 sec (0h:8m:28s)
Total CPU time used: 545.092 sec (0h:9m:5s)
Total wall-clock time used: 547.647 sec (0h:9m:7s)

Computing bootstrap consensus tree...
Reading input file RNA2_nucleotide_alignment.fasta.splits.nex...
156 taxa and 2912 splits.
Consensus tree written to RNA2_nucleotide_alignment.fasta.contree
Reading input trees file RNA2_nucleotide_alignment.fasta.contree
Log-likelihood of consensus tree: -6000.446

Analysis results written to: 
  IQ-TREE report:                RNA2_nucleotide_alignment.fasta.iqtree
  Maximum-likelihood tree:       RNA2_nucleotide_alignment.fasta.treefile
  Likelihood distances:          RNA2_nucleotide_alignment.fasta.mldist

Ultrafast bootstrap approximation results written to:
  Split support values:          RNA2_nucleotide_alignment.fasta.splits.nex
  Consensus tree:                RNA2_nucleotide_alignment.fasta.contree
  Screen log file:               RNA2_nucleotide_alignment.fasta.log

Date and Time: Fri Jan  3 00:25:06 2025
